A:\vernam\vernam\vernam\Debug\vernam.pdb
A:\vernam\vernam\vernam\vernam\Debug\cl.command.1.tlog
A:\vernam\vernam\vernam\vernam\Debug\CL.read.1.tlog
A:\vernam\vernam\vernam\vernam\Debug\CL.write.1.tlog
A:\vernam\vernam\vernam\vernam\Debug\link.3204.read.1.tlog
A:\vernam\vernam\vernam\vernam\Debug\link.3204.write.1.tlog
A:\vernam\vernam\vernam\vernam\Debug\link.3204-cvtres.read.1.tlog
A:\vernam\vernam\vernam\vernam\Debug\link.3204-cvtres.write.1.tlog
A:\vernam\vernam\vernam\vernam\Debug\link.3644.read.1.tlog
A:\vernam\vernam\vernam\vernam\Debug\link.3644.write.1.tlog
A:\vernam\vernam\vernam\vernam\Debug\link.3644-cvtres.read.1.tlog
A:\vernam\vernam\vernam\vernam\Debug\link.3644-cvtres.write.1.tlog
A:\vernam\vernam\vernam\vernam\Debug\link.3768.read.1.tlog
A:\vernam\vernam\vernam\vernam\Debug\link.3768.write.1.tlog
A:\vernam\vernam\vernam\vernam\Debug\link.3768-cvtres.read.1.tlog
A:\vernam\vernam\vernam\vernam\Debug\link.3768-cvtres.write.1.tlog
A:\vernam\vernam\vernam\vernam\Debug\link.4204.read.1.tlog
A:\vernam\vernam\vernam\vernam\Debug\link.4204.write.1.tlog
A:\vernam\vernam\vernam\vernam\Debug\link.4204-cvtres.read.1.tlog
A:\vernam\vernam\vernam\vernam\Debug\link.4204-cvtres.write.1.tlog
A:\vernam\vernam\vernam\vernam\Debug\link.4728.read.1.tlog
A:\vernam\vernam\vernam\vernam\Debug\link.4728.write.1.tlog
A:\vernam\vernam\vernam\vernam\Debug\link.4728-cvtres.read.1.tlog
A:\vernam\vernam\vernam\vernam\Debug\link.4728-cvtres.write.1.tlog
A:\vernam\vernam\vernam\vernam\Debug\link.4884.read.1.tlog
A:\vernam\vernam\vernam\vernam\Debug\link.4884.write.1.tlog
A:\vernam\vernam\vernam\vernam\Debug\link.4884-cvtres.read.1.tlog
A:\vernam\vernam\vernam\vernam\Debug\link.4884-cvtres.write.1.tlog
A:\vernam\vernam\vernam\vernam\Debug\link.7428.read.1.tlog
A:\vernam\vernam\vernam\vernam\Debug\link.7428.write.1.tlog
A:\vernam\vernam\vernam\vernam\Debug\link.7428-cvtres.read.1.tlog
A:\vernam\vernam\vernam\vernam\Debug\link.7428-cvtres.write.1.tlog
A:\vernam\vernam\vernam\vernam\Debug\link.command.1.tlog
A:\vernam\vernam\vernam\vernam\Debug\link.read.1.tlog
A:\vernam\vernam\vernam\vernam\Debug\link.write.1.tlog
A:\vernam\vernam\vernam\vernam\Debug\link-cvtres.read.1.tlog
A:\vernam\vernam\vernam\vernam\Debug\link-cvtres.write.1.tlog
A:\vernam\vernam\vernam\vernam\Debug\mt.command.1.tlog
A:\vernam\vernam\vernam\vernam\Debug\mt.read.1.tlog
A:\vernam\vernam\vernam\vernam\Debug\mt.write.1.tlog
A:\vernam\vernam\vernam\vernam\Debug\rc.command.1.tlog
A:\vernam\vernam\vernam\vernam\Debug\rc.read.1.tlog
A:\vernam\vernam\vernam\vernam\Debug\rc.write.1.tlog
A:\VERNAM\VERNAM\VERNAM\VERNAM\DEBUG\STDAFX.OBJ
A:\vernam\vernam\vernam\vernam\Debug\vc100.idb
A:\VERNAM\VERNAM\VERNAM\VERNAM\DEBUG\VC100.PDB
A:\VERNAM\VERNAM\VERNAM\VERNAM\DEBUG\VERNAM.EXE.EMBED.MANIFEST
A:\VERNAM\VERNAM\VERNAM\VERNAM\DEBUG\VERNAM.EXE.EMBED.MANIFEST.RES
A:\vernam\vernam\vernam\vernam\Debug\vernam.exe.intermediate.manifest
A:\VERNAM\VERNAM\VERNAM\VERNAM\DEBUG\VERNAM.OBJ
A:\VERNAM\VERNAM\VERNAM\VERNAM\DEBUG\VERNAM.PCH
A:\vernam\vernam\vernam\vernam\Debug\vernam.vcxprojResolveAssemblyReference.cache
A:\vernam\vernam\vernam\vernam\Debug\vernam.write.1.tlog
A:\vernam\vernam\vernam\vernam\Debug\vernam_manifest.rc
